<?xml version="1.0" encoding="UTF-8"?>
<testsuite xmlns:xsi="http://www.w3.org/2001/XMLSchema-instance" xsi:noNamespaceSchemaLocation="https://maven.apache.org/surefire/maven-surefire-plugin/xsd/surefire-test-report-3.0.xsd" version="3.0" name="com.sap.ase.poker.smokeTests.CallSmokeTest" time="14.408" tests="4" errors="0" skipped="0" failures="0">
  <properties>
    <property name="java.specification.version" value="17"/>
    <property name="sun.cpu.isalist" value="amd64"/>
    <property name="sun.jnu.encoding" value="Cp1252"/>
    <property name="java.class.path" value="C:\SAPDevelop\Learning\Cloud Native Developer Journey\poker-app-java\target\test-classes;C:\SAPDevelop\Learning\Cloud Native Developer Journey\poker-app-java\target\classes;C:\Users\I585382\.m2\repository\org\springframework\boot\spring-boot-starter-web\3.1.1\spring-boot-starter-web-3.1.1.jar;C:\Users\I585382\.m2\repository\org\springframework\boot\spring-boot-starter\3.1.1\spring-boot-starter-3.1.1.jar;C:\Users\I585382\.m2\repository\org\springframework\boot\spring-boot-starter-logging\3.1.1\spring-boot-starter-logging-3.1.1.jar;C:\Users\I585382\.m2\repository\ch\qos\logback\logback-classic\1.4.8\logback-classic-1.4.8.jar;C:\Users\I585382\.m2\repository\ch\qos\logback\logback-core\1.4.8\logback-core-1.4.8.jar;C:\Users\I585382\.m2\repository\org\apache\logging\log4j\log4j-to-slf4j\2.20.0\log4j-to-slf4j-2.20.0.jar;C:\Users\I585382\.m2\repository\org\apache\logging\log4j\log4j-api\2.20.0\log4j-api-2.20.0.jar;C:\Users\I585382\.m2\repository\org\slf4j\jul-to-slf4j\2.0.7\jul-to-slf4j-2.0.7.jar;C:\Users\I585382\.m2\repository\jakarta\annotation\jakarta.annotation-api\2.1.1\jakarta.annotation-api-2.1.1.jar;C:\Users\I585382\.m2\repository\org\yaml\snakeyaml\1.33\snakeyaml-1.33.jar;C:\Users\I585382\.m2\repository\org\springframework\boot\spring-boot-starter-json\3.1.1\spring-boot-starter-json-3.1.1.jar;C:\Users\I585382\.m2\repository\com\fasterxml\jackson\datatype\jackson-datatype-jdk8\2.15.2\jackson-datatype-jdk8-2.15.2.jar;C:\Users\I585382\.m2\repository\com\fasterxml\jackson\datatype\jackson-datatype-jsr310\2.15.2\jackson-datatype-jsr310-2.15.2.jar;C:\Users\I585382\.m2\repository\com\fasterxml\jackson\module\jackson-module-parameter-names\2.15.2\jackson-module-parameter-names-2.15.2.jar;C:\Users\I585382\.m2\repository\org\springframework\boot\spring-boot-starter-tomcat\3.1.1\spring-boot-starter-tomcat-3.1.1.jar;C:\Users\I585382\.m2\repository\org\apache\tomcat\embed\tomcat-embed-core\10.1.10\tomcat-embed-core-10.1.10.jar;C:\Users\I585382\.m2\repository\org\apache\tomcat\embed\tomcat-embed-el\10.1.10\tomcat-embed-el-10.1.10.jar;C:\Users\I585382\.m2\repository\org\apache\tomcat\embed\tomcat-embed-websocket\10.1.10\tomcat-embed-websocket-10.1.10.jar;C:\Users\I585382\.m2\repository\org\springframework\spring-web\6.0.10\spring-web-6.0.10.jar;C:\Users\I585382\.m2\repository\org\springframework\spring-beans\6.0.10\spring-beans-6.0.10.jar;C:\Users\I585382\.m2\repository\io\micrometer\micrometer-observation\1.11.1\micrometer-observation-1.11.1.jar;C:\Users\I585382\.m2\repository\io\micrometer\micrometer-commons\1.11.1\micrometer-commons-1.11.1.jar;C:\Users\I585382\.m2\repository\org\springframework\spring-webmvc\6.0.10\spring-webmvc-6.0.10.jar;C:\Users\I585382\.m2\repository\org\springframework\spring-context\6.0.10\spring-context-6.0.10.jar;C:\Users\I585382\.m2\repository\org\springframework\spring-expression\6.0.10\spring-expression-6.0.10.jar;C:\Users\I585382\.m2\repository\org\springframework\boot\spring-boot-starter-security\3.1.1\spring-boot-starter-security-3.1.1.jar;C:\Users\I585382\.m2\repository\org\springframework\spring-aop\6.0.10\spring-aop-6.0.10.jar;C:\Users\I585382\.m2\repository\org\springframework\security\spring-security-config\6.1.1\spring-security-config-6.1.1.jar;C:\Users\I585382\.m2\repository\org\springframework\security\spring-security-core\6.1.1\spring-security-core-6.1.1.jar;C:\Users\I585382\.m2\repository\org\springframework\security\spring-security-crypto\6.1.1\spring-security-crypto-6.1.1.jar;C:\Users\I585382\.m2\repository\org\springframework\security\spring-security-web\6.1.1\spring-security-web-6.1.1.jar;C:\Users\I585382\.m2\repository\org\springframework\boot\spring-boot-starter-test\3.1.1\spring-boot-starter-test-3.1.1.jar;C:\Users\I585382\.m2\repository\org\springframework\boot\spring-boot-test\3.1.1\spring-boot-test-3.1.1.jar;C:\Users\I585382\.m2\repository\org\springframework\boot\spring-boot-test-autoconfigure\3.1.1\spring-boot-test-autoconfigure-3.1.1.jar;C:\Users\I585382\.m2\repository\com\jayway\jsonpath\json-path\2.8.0\json-path-2.8.0.jar;C:\Users\I585382\.m2\repository\org\slf4j\slf4j-api\2.0.7\slf4j-api-2.0.7.jar;C:\Users\I585382\.m2\repository\jakarta\xml\bind\jakarta.xml.bind-api\4.0.0\jakarta.xml.bind-api-4.0.0.jar;C:\Users\I585382\.m2\repository\jakarta\activation\jakarta.activation-api\2.1.2\jakarta.activation-api-2.1.2.jar;C:\Users\I585382\.m2\repository\net\minidev\json-smart\2.4.11\json-smart-2.4.11.jar;C:\Users\I585382\.m2\repository\net\minidev\accessors-smart\2.4.11\accessors-smart-2.4.11.jar;C:\Users\I585382\.m2\repository\org\ow2\asm\asm\9.3\asm-9.3.jar;C:\Users\I585382\.m2\repository\org\assertj\assertj-core\3.24.2\assertj-core-3.24.2.jar;C:\Users\I585382\.m2\repository\net\bytebuddy\byte-buddy\1.14.5\byte-buddy-1.14.5.jar;C:\Users\I585382\.m2\repository\org\hamcrest\hamcrest\2.2\hamcrest-2.2.jar;C:\Users\I585382\.m2\repository\org\junit\jupiter\junit-jupiter\5.9.3\junit-jupiter-5.9.3.jar;C:\Users\I585382\.m2\repository\org\junit\jupiter\junit-jupiter-api\5.9.3\junit-jupiter-api-5.9.3.jar;C:\Users\I585382\.m2\repository\org\opentest4j\opentest4j\1.2.0\opentest4j-1.2.0.jar;C:\Users\I585382\.m2\repository\org\junit\platform\junit-platform-commons\1.9.3\junit-platform-commons-1.9.3.jar;C:\Users\I585382\.m2\repository\org\apiguardian\apiguardian-api\1.1.2\apiguardian-api-1.1.2.jar;C:\Users\I585382\.m2\repository\org\junit\jupiter\junit-jupiter-params\5.9.3\junit-jupiter-params-5.9.3.jar;C:\Users\I585382\.m2\repository\org\junit\jupiter\junit-jupiter-engine\5.9.3\junit-jupiter-engine-5.9.3.jar;C:\Users\I585382\.m2\repository\org\junit\platform\junit-platform-engine\1.9.3\junit-platform-engine-1.9.3.jar;C:\Users\I585382\.m2\repository\org\mockito\mockito-core\5.3.1\mockito-core-5.3.1.jar;C:\Users\I585382\.m2\repository\net\bytebuddy\byte-buddy-agent\1.14.5\byte-buddy-agent-1.14.5.jar;C:\Users\I585382\.m2\repository\org\objenesis\objenesis\3.3\objenesis-3.3.jar;C:\Users\I585382\.m2\repository\org\mockito\mockito-junit-jupiter\5.3.1\mockito-junit-jupiter-5.3.1.jar;C:\Users\I585382\.m2\repository\org\skyscreamer\jsonassert\1.5.1\jsonassert-1.5.1.jar;C:\Users\I585382\.m2\repository\com\vaadin\external\google\android-json\0.0.20131108.vaadin1\android-json-0.0.20131108.vaadin1.jar;C:\Users\I585382\.m2\repository\org\springframework\spring-core\6.0.10\spring-core-6.0.10.jar;C:\Users\I585382\.m2\repository\org\springframework\spring-jcl\6.0.10\spring-jcl-6.0.10.jar;C:\Users\I585382\.m2\repository\org\springframework\spring-test\6.0.10\spring-test-6.0.10.jar;C:\Users\I585382\.m2\repository\org\xmlunit\xmlunit-core\2.9.1\xmlunit-core-2.9.1.jar;C:\Users\I585382\.m2\repository\org\springframework\boot\spring-boot-devtools\3.1.1\spring-boot-devtools-3.1.1.jar;C:\Users\I585382\.m2\repository\org\springframework\boot\spring-boot\3.1.1\spring-boot-3.1.1.jar;C:\Users\I585382\.m2\repository\org\springframework\boot\spring-boot-autoconfigure\3.1.1\spring-boot-autoconfigure-3.1.1.jar;C:\Users\I585382\.m2\repository\com\auth0\java-jwt\4.3.0\java-jwt-4.3.0.jar;C:\Users\I585382\.m2\repository\com\fasterxml\jackson\core\jackson-databind\2.15.2\jackson-databind-2.15.2.jar;C:\Users\I585382\.m2\repository\com\fasterxml\jackson\core\jackson-annotations\2.15.2\jackson-annotations-2.15.2.jar;C:\Users\I585382\.m2\repository\com\fasterxml\jackson\core\jackson-core\2.15.2\jackson-core-2.15.2.jar;"/>
    <property name="java.vm.vendor" value="SAP SE"/>
    <property name="sun.arch.data.model" value="64"/>
    <property name="user.variant" value=""/>
    <property name="java.vendor.url" value="https://sapmachine.io/"/>
    <property name="user.timezone" value="Europe/Lisbon"/>
    <property name="os.name" value="Windows 11"/>
    <property name="java.vm.specification.version" value="17"/>
    <property name="sun.java.launcher" value="SUN_STANDARD"/>
    <property name="user.country" value="US"/>
    <property name="sun.boot.library.path" value="C:\Users\I585382\.jdks\sapmachine-17.0.7\bin"/>
    <property name="sun.java.command" value="C:\Users\I585382\AppData\Local\Temp\surefire3357976504348713622\surefirebooter-20230914114920502_27.jar C:\Users\I585382\AppData\Local\Temp\surefire3357976504348713622 2023-09-14T11-49-04_087-jvmRun1 surefire-20230914114920502_25tmp surefire_1-20230914114920502_26tmp"/>
    <property name="jdk.debug" value="release"/>
    <property name="surefire.test.class.path" value="C:\SAPDevelop\Learning\Cloud Native Developer Journey\poker-app-java\target\test-classes;C:\SAPDevelop\Learning\Cloud Native Developer Journey\poker-app-java\target\classes;C:\Users\I585382\.m2\repository\org\springframework\boot\spring-boot-starter-web\3.1.1\spring-boot-starter-web-3.1.1.jar;C:\Users\I585382\.m2\repository\org\springframework\boot\spring-boot-starter\3.1.1\spring-boot-starter-3.1.1.jar;C:\Users\I585382\.m2\repository\org\springframework\boot\spring-boot-starter-logging\3.1.1\spring-boot-starter-logging-3.1.1.jar;C:\Users\I585382\.m2\repository\ch\qos\logback\logback-classic\1.4.8\logback-classic-1.4.8.jar;C:\Users\I585382\.m2\repository\ch\qos\logback\logback-core\1.4.8\logback-core-1.4.8.jar;C:\Users\I585382\.m2\repository\org\apache\logging\log4j\log4j-to-slf4j\2.20.0\log4j-to-slf4j-2.20.0.jar;C:\Users\I585382\.m2\repository\org\apache\logging\log4j\log4j-api\2.20.0\log4j-api-2.20.0.jar;C:\Users\I585382\.m2\repository\org\slf4j\jul-to-slf4j\2.0.7\jul-to-slf4j-2.0.7.jar;C:\Users\I585382\.m2\repository\jakarta\annotation\jakarta.annotation-api\2.1.1\jakarta.annotation-api-2.1.1.jar;C:\Users\I585382\.m2\repository\org\yaml\snakeyaml\1.33\snakeyaml-1.33.jar;C:\Users\I585382\.m2\repository\org\springframework\boot\spring-boot-starter-json\3.1.1\spring-boot-starter-json-3.1.1.jar;C:\Users\I585382\.m2\repository\com\fasterxml\jackson\datatype\jackson-datatype-jdk8\2.15.2\jackson-datatype-jdk8-2.15.2.jar;C:\Users\I585382\.m2\repository\com\fasterxml\jackson\datatype\jackson-datatype-jsr310\2.15.2\jackson-datatype-jsr310-2.15.2.jar;C:\Users\I585382\.m2\repository\com\fasterxml\jackson\module\jackson-module-parameter-names\2.15.2\jackson-module-parameter-names-2.15.2.jar;C:\Users\I585382\.m2\repository\org\springframework\boot\spring-boot-starter-tomcat\3.1.1\spring-boot-starter-tomcat-3.1.1.jar;C:\Users\I585382\.m2\repository\org\apache\tomcat\embed\tomcat-embed-core\10.1.10\tomcat-embed-core-10.1.10.jar;C:\Users\I585382\.m2\repository\org\apache\tomcat\embed\tomcat-embed-el\10.1.10\tomcat-embed-el-10.1.10.jar;C:\Users\I585382\.m2\repository\org\apache\tomcat\embed\tomcat-embed-websocket\10.1.10\tomcat-embed-websocket-10.1.10.jar;C:\Users\I585382\.m2\repository\org\springframework\spring-web\6.0.10\spring-web-6.0.10.jar;C:\Users\I585382\.m2\repository\org\springframework\spring-beans\6.0.10\spring-beans-6.0.10.jar;C:\Users\I585382\.m2\repository\io\micrometer\micrometer-observation\1.11.1\micrometer-observation-1.11.1.jar;C:\Users\I585382\.m2\repository\io\micrometer\micrometer-commons\1.11.1\micrometer-commons-1.11.1.jar;C:\Users\I585382\.m2\repository\org\springframework\spring-webmvc\6.0.10\spring-webmvc-6.0.10.jar;C:\Users\I585382\.m2\repository\org\springframework\spring-context\6.0.10\spring-context-6.0.10.jar;C:\Users\I585382\.m2\repository\org\springframework\spring-expression\6.0.10\spring-expression-6.0.10.jar;C:\Users\I585382\.m2\repository\org\springframework\boot\spring-boot-starter-security\3.1.1\spring-boot-starter-security-3.1.1.jar;C:\Users\I585382\.m2\repository\org\springframework\spring-aop\6.0.10\spring-aop-6.0.10.jar;C:\Users\I585382\.m2\repository\org\springframework\security\spring-security-config\6.1.1\spring-security-config-6.1.1.jar;C:\Users\I585382\.m2\repository\org\springframework\security\spring-security-core\6.1.1\spring-security-core-6.1.1.jar;C:\Users\I585382\.m2\repository\org\springframework\security\spring-security-crypto\6.1.1\spring-security-crypto-6.1.1.jar;C:\Users\I585382\.m2\repository\org\springframework\security\spring-security-web\6.1.1\spring-security-web-6.1.1.jar;C:\Users\I585382\.m2\repository\org\springframework\boot\spring-boot-starter-test\3.1.1\spring-boot-starter-test-3.1.1.jar;C:\Users\I585382\.m2\repository\org\springframework\boot\spring-boot-test\3.1.1\spring-boot-test-3.1.1.jar;C:\Users\I585382\.m2\repository\org\springframework\boot\spring-boot-test-autoconfigure\3.1.1\spring-boot-test-autoconfigure-3.1.1.jar;C:\Users\I585382\.m2\repository\com\jayway\jsonpath\json-path\2.8.0\json-path-2.8.0.jar;C:\Users\I585382\.m2\repository\org\slf4j\slf4j-api\2.0.7\slf4j-api-2.0.7.jar;C:\Users\I585382\.m2\repository\jakarta\xml\bind\jakarta.xml.bind-api\4.0.0\jakarta.xml.bind-api-4.0.0.jar;C:\Users\I585382\.m2\repository\jakarta\activation\jakarta.activation-api\2.1.2\jakarta.activation-api-2.1.2.jar;C:\Users\I585382\.m2\repository\net\minidev\json-smart\2.4.11\json-smart-2.4.11.jar;C:\Users\I585382\.m2\repository\net\minidev\accessors-smart\2.4.11\accessors-smart-2.4.11.jar;C:\Users\I585382\.m2\repository\org\ow2\asm\asm\9.3\asm-9.3.jar;C:\Users\I585382\.m2\repository\org\assertj\assertj-core\3.24.2\assertj-core-3.24.2.jar;C:\Users\I585382\.m2\repository\net\bytebuddy\byte-buddy\1.14.5\byte-buddy-1.14.5.jar;C:\Users\I585382\.m2\repository\org\hamcrest\hamcrest\2.2\hamcrest-2.2.jar;C:\Users\I585382\.m2\repository\org\junit\jupiter\junit-jupiter\5.9.3\junit-jupiter-5.9.3.jar;C:\Users\I585382\.m2\repository\org\junit\jupiter\junit-jupiter-api\5.9.3\junit-jupiter-api-5.9.3.jar;C:\Users\I585382\.m2\repository\org\opentest4j\opentest4j\1.2.0\opentest4j-1.2.0.jar;C:\Users\I585382\.m2\repository\org\junit\platform\junit-platform-commons\1.9.3\junit-platform-commons-1.9.3.jar;C:\Users\I585382\.m2\repository\org\apiguardian\apiguardian-api\1.1.2\apiguardian-api-1.1.2.jar;C:\Users\I585382\.m2\repository\org\junit\jupiter\junit-jupiter-params\5.9.3\junit-jupiter-params-5.9.3.jar;C:\Users\I585382\.m2\repository\org\junit\jupiter\junit-jupiter-engine\5.9.3\junit-jupiter-engine-5.9.3.jar;C:\Users\I585382\.m2\repository\org\junit\platform\junit-platform-engine\1.9.3\junit-platform-engine-1.9.3.jar;C:\Users\I585382\.m2\repository\org\mockito\mockito-core\5.3.1\mockito-core-5.3.1.jar;C:\Users\I585382\.m2\repository\net\bytebuddy\byte-buddy-agent\1.14.5\byte-buddy-agent-1.14.5.jar;C:\Users\I585382\.m2\repository\org\objenesis\objenesis\3.3\objenesis-3.3.jar;C:\Users\I585382\.m2\repository\org\mockito\mockito-junit-jupiter\5.3.1\mockito-junit-jupiter-5.3.1.jar;C:\Users\I585382\.m2\repository\org\skyscreamer\jsonassert\1.5.1\jsonassert-1.5.1.jar;C:\Users\I585382\.m2\repository\com\vaadin\external\google\android-json\0.0.20131108.vaadin1\android-json-0.0.20131108.vaadin1.jar;C:\Users\I585382\.m2\repository\org\springframework\spring-core\6.0.10\spring-core-6.0.10.jar;C:\Users\I585382\.m2\repository\org\springframework\spring-jcl\6.0.10\spring-jcl-6.0.10.jar;C:\Users\I585382\.m2\repository\org\springframework\spring-test\6.0.10\spring-test-6.0.10.jar;C:\Users\I585382\.m2\repository\org\xmlunit\xmlunit-core\2.9.1\xmlunit-core-2.9.1.jar;C:\Users\I585382\.m2\repository\org\springframework\boot\spring-boot-devtools\3.1.1\spring-boot-devtools-3.1.1.jar;C:\Users\I585382\.m2\repository\org\springframework\boot\spring-boot\3.1.1\spring-boot-3.1.1.jar;C:\Users\I585382\.m2\repository\org\springframework\boot\spring-boot-autoconfigure\3.1.1\spring-boot-autoconfigure-3.1.1.jar;C:\Users\I585382\.m2\repository\com\auth0\java-jwt\4.3.0\java-jwt-4.3.0.jar;C:\Users\I585382\.m2\repository\com\fasterxml\jackson\core\jackson-databind\2.15.2\jackson-databind-2.15.2.jar;C:\Users\I585382\.m2\repository\com\fasterxml\jackson\core\jackson-annotations\2.15.2\jackson-annotations-2.15.2.jar;C:\Users\I585382\.m2\repository\com\fasterxml\jackson\core\jackson-core\2.15.2\jackson-core-2.15.2.jar;"/>
    <property name="sun.cpu.endian" value="little"/>
    <property name="user.home" value="C:\Users\I585382"/>
    <property name="user.language" value="en"/>
    <property name="java.specification.vendor" value="Oracle Corporation"/>
    <property name="java.version.date" value="2023-04-18"/>
    <property name="java.home" value="C:\Users\I585382\.jdks\sapmachine-17.0.7"/>
    <property name="file.separator" value="\"/>
    <property name="basedir" value="C:\SAPDevelop\Learning\Cloud Native Developer Journey\poker-app-java"/>
    <property name="java.vm.compressedOopsMode" value="Zero based"/>
    <property name="line.separator" value="&#10;"/>
    <property name="java.vm.specification.vendor" value="Oracle Corporation"/>
    <property name="java.specification.name" value="Java Platform API Specification"/>
    <property name="FILE_LOG_CHARSET" value="windows-1252"/>
    <property name="java.awt.headless" value="true"/>
    <property name="surefire.real.class.path" value="C:\Users\I585382\AppData\Local\Temp\surefire3357976504348713622\surefirebooter-20230914114920502_27.jar"/>
    <property name="user.script" value=""/>
    <property name="sun.management.compiler" value="HotSpot 64-Bit Tiered Compilers"/>
    <property name="java.runtime.version" value="17.0.7+7-LTS"/>
    <property name="user.name" value="I585382"/>
    <property name="path.separator" value=";"/>
    <property name="os.version" value="10.0"/>
    <property name="java.runtime.name" value="OpenJDK Runtime Environment"/>
    <property name="file.encoding" value="Cp1252"/>
    <property name="java.vm.name" value="OpenJDK 64-Bit Server VM"/>
    <property name="java.vendor.version" value="SapMachine"/>
    <property name="localRepository" value="C:\Users\I585382\.m2\repository"/>
    <property name="java.vendor.url.bug" value="https://github.com/SAP/SapMachine/issues/new"/>
    <property name="java.io.tmpdir" value="C:\Users\I585382\AppData\Local\Temp\"/>
    <property name="java.version" value="17.0.7"/>
    <property name="user.dir" value="C:\SAPDevelop\Learning\Cloud Native Developer Journey\poker-app-java"/>
    <property name="os.arch" value="amd64"/>
    <property name="java.vm.specification.name" value="Java Virtual Machine Specification"/>
    <property name="PID" value="28372"/>
    <property name="sun.os.patch.level" value=""/>
    <property name="CONSOLE_LOG_CHARSET" value="windows-1252"/>
    <property name="native.encoding" value="Cp1252"/>
    <property name="java.library.path" value="C:\Users\I585382\.jdks\sapmachine-17.0.7\bin;C:\Windows\Sun\Java\bin;C:\Windows\system32;C:\Windows;C:\Program Files\Git\mingw64\bin;C:\Program Files\Git\usr\bin;C:\Users\I585382\bin;C:\Program Files (x86)\VMware\VMware Player\bin;C:\Users\I585382\.jdks\sapmachine-17.0.7\bin;C:\SAPDevelop\Installations\maven\apache-maven-3.9.1-bin\apache-maven-3.9.1\bin;C:\Windows\system32;C:\Windows;C:\Windows\System32\Wbem;C:\Windows\System32\WindowsPowerShell\v1.0;C:\Windows\System32\OpenSSH;C:\Program Files\Docker\Docker\resources\bin;C:\Program Files\Cloud Foundry;C:\Program Files\Git\cmd;C:\Users\I585382\AppData\Local\Microsoft\WindowsApps;C:\Users\I585382\AppData\Local\Programs\Microsoft VS Code\bin;C:\Program Files\JetBrains\IntelliJ IDEA Community Edition 2023.1\bin;C:\Users\I585382\AppData\Local\GitHubDesktop\bin;C:\Program Files\PostgreSQL\13\bin;."/>
    <property name="java.vm.info" value="mixed mode, sharing"/>
    <property name="java.vendor" value="SAP SE"/>
    <property name="java.vm.version" value="17.0.7+7-LTS"/>
    <property name="sun.io.unicode.encoding" value="UnicodeLittle"/>
    <property name="java.class.version" value="61.0"/>
  </properties>
  <testcase name="call_shouldFail_ifNoRaisePerformedBefore" classname="com.sap.ase.poker.smokeTests.CallSmokeTest" time="2.84">
    <system-out><![CDATA[11:49:22.216 [main] INFO org.springframework.test.context.support.AnnotationConfigContextLoaderUtils -- Could not detect default configuration classes for test class [com.sap.ase.poker.smokeTests.CallSmokeTest]: CallSmokeTest does not declare any static, non-private, non-final, nested classes annotated with @Configuration.
11:49:22.535 [main] INFO org.springframework.boot.test.context.SpringBootTestContextBootstrapper -- Found @SpringBootConfiguration com.sap.ase.poker.PokerBootApplication for test class com.sap.ase.poker.smokeTests.CallSmokeTest

  .   ____          _            __ _ _
 /\\ / ___'_ __ _ _(_)_ __  __ _ \ \ \ \
( ( )\___ | '_ | '_| | '_ \/ _` | \ \ \ \
 \\/  ___)| |_)| | | | | || (_| |  ) ) ) )
  '  |____| .__|_| |_|_| |_\__, | / / / /
 =========|_|==============|___/=/_/_/_/
 :: Spring Boot ::                (v3.1.1)

2023-09-14T11:49:23.498+01:00  INFO 28372 --- [           main] c.s.ase.poker.smokeTests.CallSmokeTest   : Starting CallSmokeTest using Java 17.0.7 with PID 28372 (started by I585382 in C:\SAPDevelop\Learning\Cloud Native Developer Journey\poker-app-java)
2023-09-14T11:49:23.501+01:00  INFO 28372 --- [           main] c.s.ase.poker.smokeTests.CallSmokeTest   : No active profile set, falling back to 1 default profile: "default"
2023-09-14T11:49:26.713+01:00  INFO 28372 --- [           main] o.s.s.web.DefaultSecurityFilterChain     : Will secure any request with [org.springframework.security.web.session.DisableEncodeUrlFilter@6af0407c, org.springframework.security.web.context.request.async.WebAsyncManagerIntegrationFilter@71c1ca1, org.springframework.security.web.context.SecurityContextHolderFilter@32d8e58d, org.springframework.security.web.header.HeaderWriterFilter@1e37cb10, org.springframework.security.web.authentication.logout.LogoutFilter@df04d12, com.sap.ase.poker.security.JsonUsernamePasswordAuthenticationFilter@20cf3ab3, org.springframework.security.web.authentication.UsernamePasswordAuthenticationFilter@29a1dab3, com.sap.ase.poker.security.JwtAuthenticationRequestFilter@1acfc058, org.springframework.security.web.savedrequest.RequestCacheAwareFilter@5248c05a, org.springframework.security.web.servletapi.SecurityContextHolderAwareRequestFilter@18d09283, org.springframework.security.web.authentication.AnonymousAuthenticationFilter@725490dd, org.springframework.security.web.session.SessionManagementFilter@6892d403, org.springframework.security.web.access.ExceptionTranslationFilter@63fde7ca, org.springframework.security.web.access.intercept.AuthorizationFilter@7343d843]
2023-09-14T11:49:27.039+01:00  INFO 28372 --- [           main] c.s.ase.poker.smokeTests.CallSmokeTest   : Started CallSmokeTest in 4.068 seconds (process running for 6.328)
Player joined the table: poker-alice
Player joined the table: wild-bill
]]></system-out>
  </testcase>
  <testcase name="call_shouldRaiseBetOfPlayer" classname="com.sap.ase.poker.smokeTests.CallSmokeTest" time="0.049">
    <system-out><![CDATA[
  .   ____          _            __ _ _
 /\\ / ___'_ __ _ _(_)_ __  __ _ \ \ \ \
( ( )\___ | '_ | '_| | '_ \/ _` | \ \ \ \
 \\/  ___)| |_)| | | | | || (_| |  ) ) ) )
  '  |____| .__|_| |_|_| |_\__, | / / / /
 =========|_|==============|___/=/_/_/_/
 :: Spring Boot ::                (v3.1.1)

2023-09-14T11:49:30.026+01:00  INFO 28372 --- [           main] c.s.ase.poker.smokeTests.CallSmokeTest   : Starting CallSmokeTest using Java 17.0.7 with PID 28372 (started by I585382 in C:\SAPDevelop\Learning\Cloud Native Developer Journey\poker-app-java)
2023-09-14T11:49:30.027+01:00  INFO 28372 --- [           main] c.s.ase.poker.smokeTests.CallSmokeTest   : No active profile set, falling back to 1 default profile: "default"
2023-09-14T11:49:32.108+01:00  INFO 28372 --- [           main] o.s.s.web.DefaultSecurityFilterChain     : Will secure any request with [org.springframework.security.web.session.DisableEncodeUrlFilter@63c8a30e, org.springframework.security.web.context.request.async.WebAsyncManagerIntegrationFilter@26e199ed, org.springframework.security.web.context.SecurityContextHolderFilter@59b7cbec, org.springframework.security.web.header.HeaderWriterFilter@2b75b77d, org.springframework.security.web.authentication.logout.LogoutFilter@3c175d82, com.sap.ase.poker.security.JsonUsernamePasswordAuthenticationFilter@46d8d38, org.springframework.security.web.authentication.UsernamePasswordAuthenticationFilter@65b51977, com.sap.ase.poker.security.JwtAuthenticationRequestFilter@49de4263, org.springframework.security.web.savedrequest.RequestCacheAwareFilter@f9402c2, org.springframework.security.web.servletapi.SecurityContextHolderAwareRequestFilter@9dc9212, org.springframework.security.web.authentication.AnonymousAuthenticationFilter@6fa84885, org.springframework.security.web.session.SessionManagementFilter@4552f89f, org.springframework.security.web.access.ExceptionTranslationFilter@300cdf3f, org.springframework.security.web.access.intercept.AuthorizationFilter@7e1b96a7]
2023-09-14T11:49:32.247+01:00  INFO 28372 --- [           main] c.s.ase.poker.smokeTests.CallSmokeTest   : Started CallSmokeTest in 2.319 seconds (process running for 11.537)
Player joined the table: poker-alice
Player joined the table: wild-bill
Player joined the table: al-capone
Action performed: raise, amount: 10
Action performed: call, amount: 0
]]></system-out>
  </testcase>
  <testcase name="call_shouldAdvanceState" classname="com.sap.ase.poker.smokeTests.CallSmokeTest" time="0.02">
    <system-out><![CDATA[
  .   ____          _            __ _ _
 /\\ / ___'_ __ _ _(_)_ __  __ _ \ \ \ \
( ( )\___ | '_ | '_| | '_ \/ _` | \ \ \ \
 \\/  ___)| |_)| | | | | || (_| |  ) ) ) )
  '  |____| .__|_| |_|_| |_\__, | / / / /
 =========|_|==============|___/=/_/_/_/
 :: Spring Boot ::                (v3.1.1)

2023-09-14T11:49:32.366+01:00  INFO 28372 --- [           main] c.s.ase.poker.smokeTests.CallSmokeTest   : Starting CallSmokeTest using Java 17.0.7 with PID 28372 (started by I585382 in C:\SAPDevelop\Learning\Cloud Native Developer Journey\poker-app-java)
2023-09-14T11:49:32.366+01:00  INFO 28372 --- [           main] c.s.ase.poker.smokeTests.CallSmokeTest   : No active profile set, falling back to 1 default profile: "default"
2023-09-14T11:49:34.356+01:00  INFO 28372 --- [           main] o.s.s.web.DefaultSecurityFilterChain     : Will secure any request with [org.springframework.security.web.session.DisableEncodeUrlFilter@7d59e235, org.springframework.security.web.context.request.async.WebAsyncManagerIntegrationFilter@12b79055, org.springframework.security.web.context.SecurityContextHolderFilter@10fc01e0, org.springframework.security.web.header.HeaderWriterFilter@4967fabe, org.springframework.security.web.authentication.logout.LogoutFilter@412b4aed, com.sap.ase.poker.security.JsonUsernamePasswordAuthenticationFilter@1cc771ae, org.springframework.security.web.authentication.UsernamePasswordAuthenticationFilter@66beb02d, com.sap.ase.poker.security.JwtAuthenticationRequestFilter@f6b85c3, org.springframework.security.web.savedrequest.RequestCacheAwareFilter@6a2cd5ea, org.springframework.security.web.servletapi.SecurityContextHolderAwareRequestFilter@1c68601b, org.springframework.security.web.authentication.AnonymousAuthenticationFilter@3d118651, org.springframework.security.web.session.SessionManagementFilter@6329d89f, org.springframework.security.web.access.ExceptionTranslationFilter@33093469, org.springframework.security.web.access.intercept.AuthorizationFilter@12139db0]
2023-09-14T11:49:34.432+01:00  INFO 28372 --- [           main] c.s.ase.poker.smokeTests.CallSmokeTest   : Started CallSmokeTest in 2.122 seconds (process running for 13.721)
Player joined the table: poker-alice
Player joined the table: wild-bill
Action performed: raise, amount: 10
Action performed: call, amount: 0
]]></system-out>
  </testcase>
  <testcase name="call_shouldReRaiseBetOfPlayer" classname="com.sap.ase.poker.smokeTests.CallSmokeTest" time="0.012">
    <system-out><![CDATA[
  .   ____          _            __ _ _
 /\\ / ___'_ __ _ _(_)_ __  __ _ \ \ \ \
( ( )\___ | '_ | '_| | '_ \/ _` | \ \ \ \
 \\/  ___)| |_)| | | | | || (_| |  ) ) ) )
  '  |____| .__|_| |_|_| |_\__, | / / / /
 =========|_|==============|___/=/_/_/_/
 :: Spring Boot ::                (v3.1.1)

2023-09-14T11:49:34.494+01:00  INFO 28372 --- [           main] c.s.ase.poker.smokeTests.CallSmokeTest   : Starting CallSmokeTest using Java 17.0.7 with PID 28372 (started by I585382 in C:\SAPDevelop\Learning\Cloud Native Developer Journey\poker-app-java)
2023-09-14T11:49:34.495+01:00  INFO 28372 --- [           main] c.s.ase.poker.smokeTests.CallSmokeTest   : No active profile set, falling back to 1 default profile: "default"
2023-09-14T11:49:36.149+01:00  INFO 28372 --- [           main] o.s.s.web.DefaultSecurityFilterChain     : Will secure any request with [org.springframework.security.web.session.DisableEncodeUrlFilter@4fdf83bb, org.springframework.security.web.context.request.async.WebAsyncManagerIntegrationFilter@75e81be2, org.springframework.security.web.context.SecurityContextHolderFilter@566c6b91, org.springframework.security.web.header.HeaderWriterFilter@731ccdfc, org.springframework.security.web.authentication.logout.LogoutFilter@7375e6c1, com.sap.ase.poker.security.JsonUsernamePasswordAuthenticationFilter@42010bc8, org.springframework.security.web.authentication.UsernamePasswordAuthenticationFilter@13c02cec, com.sap.ase.poker.security.JwtAuthenticationRequestFilter@50b4e828, org.springframework.security.web.savedrequest.RequestCacheAwareFilter@5e0e97b6, org.springframework.security.web.servletapi.SecurityContextHolderAwareRequestFilter@4b68d2a6, org.springframework.security.web.authentication.AnonymousAuthenticationFilter@63c57bde, org.springframework.security.web.session.SessionManagementFilter@734fcb45, org.springframework.security.web.access.ExceptionTranslationFilter@4589bc66, org.springframework.security.web.access.intercept.AuthorizationFilter@541c7857]
2023-09-14T11:49:36.201+01:00  INFO 28372 --- [           main] c.s.ase.poker.smokeTests.CallSmokeTest   : Started CallSmokeTest in 1.741 seconds (process running for 15.491)
Player joined the table: poker-alice
Player joined the table: wild-bill
Player joined the table: al-capone
Action performed: raise, amount: 10
Action performed: call, amount: 0
Action performed: raise, amount: 20
Action performed: call, amount: 0
]]></system-out>
  </testcase>
</testsuite>