<?xml version="1.0" encoding="UTF-8"?>
<testsuite xmlns:xsi="http://www.w3.org/2001/XMLSchema-instance" xsi:noNamespaceSchemaLocation="https://maven.apache.org/surefire/maven-surefire-plugin/xsd/surefire-test-report-3.0.xsd" version="3.0" name="com.sap.ase.poker.smokeTests.CheckSmokeTest" time="5.947" tests="4" errors="0" skipped="0" failures="0">
  <properties>
    <property name="java.specification.version" value="17"/>
    <property name="sun.cpu.isalist" value="amd64"/>
    <property name="sun.jnu.encoding" value="Cp1252"/>
    <property name="java.class.path" value="C:\SAPDevelop\Learning\Cloud Native Developer Journey\poker-app-java\target\test-classes;C:\SAPDevelop\Learning\Cloud Native Developer Journey\poker-app-java\target\classes;C:\Users\I585382\.m2\repository\org\springframework\boot\spring-boot-starter-web\3.1.1\spring-boot-starter-web-3.1.1.jar;C:\Users\I585382\.m2\repository\org\springframework\boot\spring-boot-starter\3.1.1\spring-boot-starter-3.1.1.jar;C:\Users\I585382\.m2\repository\org\springframework\boot\spring-boot-starter-logging\3.1.1\spring-boot-starter-logging-3.1.1.jar;C:\Users\I585382\.m2\repository\ch\qos\logback\logback-classic\1.4.8\logback-classic-1.4.8.jar;C:\Users\I585382\.m2\repository\ch\qos\logback\logback-core\1.4.8\logback-core-1.4.8.jar;C:\Users\I585382\.m2\repository\org\apache\logging\log4j\log4j-to-slf4j\2.20.0\log4j-to-slf4j-2.20.0.jar;C:\Users\I585382\.m2\repository\org\apache\logging\log4j\log4j-api\2.20.0\log4j-api-2.20.0.jar;C:\Users\I585382\.m2\repository\org\slf4j\jul-to-slf4j\2.0.7\jul-to-slf4j-2.0.7.jar;C:\Users\I585382\.m2\repository\jakarta\annotation\jakarta.annotation-api\2.1.1\jakarta.annotation-api-2.1.1.jar;C:\Users\I585382\.m2\repository\org\yaml\snakeyaml\1.33\snakeyaml-1.33.jar;C:\Users\I585382\.m2\repository\org\springframework\boot\spring-boot-starter-json\3.1.1\spring-boot-starter-json-3.1.1.jar;C:\Users\I585382\.m2\repository\com\fasterxml\jackson\datatype\jackson-datatype-jdk8\2.15.2\jackson-datatype-jdk8-2.15.2.jar;C:\Users\I585382\.m2\repository\com\fasterxml\jackson\datatype\jackson-datatype-jsr310\2.15.2\jackson-datatype-jsr310-2.15.2.jar;C:\Users\I585382\.m2\repository\com\fasterxml\jackson\module\jackson-module-parameter-names\2.15.2\jackson-module-parameter-names-2.15.2.jar;C:\Users\I585382\.m2\repository\org\springframework\boot\spring-boot-starter-tomcat\3.1.1\spring-boot-starter-tomcat-3.1.1.jar;C:\Users\I585382\.m2\repository\org\apache\tomcat\embed\tomcat-embed-core\10.1.10\tomcat-embed-core-10.1.10.jar;C:\Users\I585382\.m2\repository\org\apache\tomcat\embed\tomcat-embed-el\10.1.10\tomcat-embed-el-10.1.10.jar;C:\Users\I585382\.m2\repository\org\apache\tomcat\embed\tomcat-embed-websocket\10.1.10\tomcat-embed-websocket-10.1.10.jar;C:\Users\I585382\.m2\repository\org\springframework\spring-web\6.0.10\spring-web-6.0.10.jar;C:\Users\I585382\.m2\repository\org\springframework\spring-beans\6.0.10\spring-beans-6.0.10.jar;C:\Users\I585382\.m2\repository\io\micrometer\micrometer-observation\1.11.1\micrometer-observation-1.11.1.jar;C:\Users\I585382\.m2\repository\io\micrometer\micrometer-commons\1.11.1\micrometer-commons-1.11.1.jar;C:\Users\I585382\.m2\repository\org\springframework\spring-webmvc\6.0.10\spring-webmvc-6.0.10.jar;C:\Users\I585382\.m2\repository\org\springframework\spring-context\6.0.10\spring-context-6.0.10.jar;C:\Users\I585382\.m2\repository\org\springframework\spring-expression\6.0.10\spring-expression-6.0.10.jar;C:\Users\I585382\.m2\repository\org\springframework\boot\spring-boot-starter-security\3.1.1\spring-boot-starter-security-3.1.1.jar;C:\Users\I585382\.m2\repository\org\springframework\spring-aop\6.0.10\spring-aop-6.0.10.jar;C:\Users\I585382\.m2\repository\org\springframework\security\spring-security-config\6.1.1\spring-security-config-6.1.1.jar;C:\Users\I585382\.m2\repository\org\springframework\security\spring-security-core\6.1.1\spring-security-core-6.1.1.jar;C:\Users\I585382\.m2\repository\org\springframework\security\spring-security-crypto\6.1.1\spring-security-crypto-6.1.1.jar;C:\Users\I585382\.m2\repository\org\springframework\security\spring-security-web\6.1.1\spring-security-web-6.1.1.jar;C:\Users\I585382\.m2\repository\org\springframework\boot\spring-boot-starter-test\3.1.1\spring-boot-starter-test-3.1.1.jar;C:\Users\I585382\.m2\repository\org\springframework\boot\spring-boot-test\3.1.1\spring-boot-test-3.1.1.jar;C:\Users\I585382\.m2\repository\org\springframework\boot\spring-boot-test-autoconfigure\3.1.1\spring-boot-test-autoconfigure-3.1.1.jar;C:\Users\I585382\.m2\repository\com\jayway\jsonpath\json-path\2.8.0\json-path-2.8.0.jar;C:\Users\I585382\.m2\repository\org\slf4j\slf4j-api\2.0.7\slf4j-api-2.0.7.jar;C:\Users\I585382\.m2\repository\jakarta\xml\bind\jakarta.xml.bind-api\4.0.0\jakarta.xml.bind-api-4.0.0.jar;C:\Users\I585382\.m2\repository\jakarta\activation\jakarta.activation-api\2.1.2\jakarta.activation-api-2.1.2.jar;C:\Users\I585382\.m2\repository\net\minidev\json-smart\2.4.11\json-smart-2.4.11.jar;C:\Users\I585382\.m2\repository\net\minidev\accessors-smart\2.4.11\accessors-smart-2.4.11.jar;C:\Users\I585382\.m2\repository\org\ow2\asm\asm\9.3\asm-9.3.jar;C:\Users\I585382\.m2\repository\org\assertj\assertj-core\3.24.2\assertj-core-3.24.2.jar;C:\Users\I585382\.m2\repository\net\bytebuddy\byte-buddy\1.14.5\byte-buddy-1.14.5.jar;C:\Users\I585382\.m2\repository\org\hamcrest\hamcrest\2.2\hamcrest-2.2.jar;C:\Users\I585382\.m2\repository\org\junit\jupiter\junit-jupiter\5.9.3\junit-jupiter-5.9.3.jar;C:\Users\I585382\.m2\repository\org\junit\jupiter\junit-jupiter-api\5.9.3\junit-jupiter-api-5.9.3.jar;C:\Users\I585382\.m2\repository\org\opentest4j\opentest4j\1.2.0\opentest4j-1.2.0.jar;C:\Users\I585382\.m2\repository\org\junit\platform\junit-platform-commons\1.9.3\junit-platform-commons-1.9.3.jar;C:\Users\I585382\.m2\repository\org\apiguardian\apiguardian-api\1.1.2\apiguardian-api-1.1.2.jar;C:\Users\I585382\.m2\repository\org\junit\jupiter\junit-jupiter-params\5.9.3\junit-jupiter-params-5.9.3.jar;C:\Users\I585382\.m2\repository\org\junit\jupiter\junit-jupiter-engine\5.9.3\junit-jupiter-engine-5.9.3.jar;C:\Users\I585382\.m2\repository\org\junit\platform\junit-platform-engine\1.9.3\junit-platform-engine-1.9.3.jar;C:\Users\I585382\.m2\repository\org\mockito\mockito-core\5.3.1\mockito-core-5.3.1.jar;C:\Users\I585382\.m2\repository\net\bytebuddy\byte-buddy-agent\1.14.5\byte-buddy-agent-1.14.5.jar;C:\Users\I585382\.m2\repository\org\objenesis\objenesis\3.3\objenesis-3.3.jar;C:\Users\I585382\.m2\repository\org\mockito\mockito-junit-jupiter\5.3.1\mockito-junit-jupiter-5.3.1.jar;C:\Users\I585382\.m2\repository\org\skyscreamer\jsonassert\1.5.1\jsonassert-1.5.1.jar;C:\Users\I585382\.m2\repository\com\vaadin\external\google\android-json\0.0.20131108.vaadin1\android-json-0.0.20131108.vaadin1.jar;C:\Users\I585382\.m2\repository\org\springframework\spring-core\6.0.10\spring-core-6.0.10.jar;C:\Users\I585382\.m2\repository\org\springframework\spring-jcl\6.0.10\spring-jcl-6.0.10.jar;C:\Users\I585382\.m2\repository\org\springframework\spring-test\6.0.10\spring-test-6.0.10.jar;C:\Users\I585382\.m2\repository\org\xmlunit\xmlunit-core\2.9.1\xmlunit-core-2.9.1.jar;C:\Users\I585382\.m2\repository\org\springframework\boot\spring-boot-devtools\3.1.1\spring-boot-devtools-3.1.1.jar;C:\Users\I585382\.m2\repository\org\springframework\boot\spring-boot\3.1.1\spring-boot-3.1.1.jar;C:\Users\I585382\.m2\repository\org\springframework\boot\spring-boot-autoconfigure\3.1.1\spring-boot-autoconfigure-3.1.1.jar;C:\Users\I585382\.m2\repository\com\auth0\java-jwt\4.3.0\java-jwt-4.3.0.jar;C:\Users\I585382\.m2\repository\com\fasterxml\jackson\core\jackson-databind\2.15.2\jackson-databind-2.15.2.jar;C:\Users\I585382\.m2\repository\com\fasterxml\jackson\core\jackson-annotations\2.15.2\jackson-annotations-2.15.2.jar;C:\Users\I585382\.m2\repository\com\fasterxml\jackson\core\jackson-core\2.15.2\jackson-core-2.15.2.jar;"/>
    <property name="java.vm.vendor" value="SAP SE"/>
    <property name="sun.arch.data.model" value="64"/>
    <property name="user.variant" value=""/>
    <property name="java.vendor.url" value="https://sapmachine.io/"/>
    <property name="user.timezone" value="Europe/Lisbon"/>
    <property name="os.name" value="Windows 11"/>
    <property name="java.vm.specification.version" value="17"/>
    <property name="sun.java.launcher" value="SUN_STANDARD"/>
    <property name="user.country" value="US"/>
    <property name="sun.boot.library.path" value="C:\Users\I585382\.jdks\sapmachine-17.0.7\bin"/>
    <property name="sun.java.command" value="C:\Users\I585382\AppData\Local\Temp\surefire3357976504348713622\surefirebooter-20230914114920502_27.jar C:\Users\I585382\AppData\Local\Temp\surefire3357976504348713622 2023-09-14T11-49-04_087-jvmRun1 surefire-20230914114920502_25tmp surefire_1-20230914114920502_26tmp"/>
    <property name="jdk.debug" value="release"/>
    <property name="surefire.test.class.path" value="C:\SAPDevelop\Learning\Cloud Native Developer Journey\poker-app-java\target\test-classes;C:\SAPDevelop\Learning\Cloud Native Developer Journey\poker-app-java\target\classes;C:\Users\I585382\.m2\repository\org\springframework\boot\spring-boot-starter-web\3.1.1\spring-boot-starter-web-3.1.1.jar;C:\Users\I585382\.m2\repository\org\springframework\boot\spring-boot-starter\3.1.1\spring-boot-starter-3.1.1.jar;C:\Users\I585382\.m2\repository\org\springframework\boot\spring-boot-starter-logging\3.1.1\spring-boot-starter-logging-3.1.1.jar;C:\Users\I585382\.m2\repository\ch\qos\logback\logback-classic\1.4.8\logback-classic-1.4.8.jar;C:\Users\I585382\.m2\repository\ch\qos\logback\logback-core\1.4.8\logback-core-1.4.8.jar;C:\Users\I585382\.m2\repository\org\apache\logging\log4j\log4j-to-slf4j\2.20.0\log4j-to-slf4j-2.20.0.jar;C:\Users\I585382\.m2\repository\org\apache\logging\log4j\log4j-api\2.20.0\log4j-api-2.20.0.jar;C:\Users\I585382\.m2\repository\org\slf4j\jul-to-slf4j\2.0.7\jul-to-slf4j-2.0.7.jar;C:\Users\I585382\.m2\repository\jakarta\annotation\jakarta.annotation-api\2.1.1\jakarta.annotation-api-2.1.1.jar;C:\Users\I585382\.m2\repository\org\yaml\snakeyaml\1.33\snakeyaml-1.33.jar;C:\Users\I585382\.m2\repository\org\springframework\boot\spring-boot-starter-json\3.1.1\spring-boot-starter-json-3.1.1.jar;C:\Users\I585382\.m2\repository\com\fasterxml\jackson\datatype\jackson-datatype-jdk8\2.15.2\jackson-datatype-jdk8-2.15.2.jar;C:\Users\I585382\.m2\repository\com\fasterxml\jackson\datatype\jackson-datatype-jsr310\2.15.2\jackson-datatype-jsr310-2.15.2.jar;C:\Users\I585382\.m2\repository\com\fasterxml\jackson\module\jackson-module-parameter-names\2.15.2\jackson-module-parameter-names-2.15.2.jar;C:\Users\I585382\.m2\repository\org\springframework\boot\spring-boot-starter-tomcat\3.1.1\spring-boot-starter-tomcat-3.1.1.jar;C:\Users\I585382\.m2\repository\org\apache\tomcat\embed\tomcat-embed-core\10.1.10\tomcat-embed-core-10.1.10.jar;C:\Users\I585382\.m2\repository\org\apache\tomcat\embed\tomcat-embed-el\10.1.10\tomcat-embed-el-10.1.10.jar;C:\Users\I585382\.m2\repository\org\apache\tomcat\embed\tomcat-embed-websocket\10.1.10\tomcat-embed-websocket-10.1.10.jar;C:\Users\I585382\.m2\repository\org\springframework\spring-web\6.0.10\spring-web-6.0.10.jar;C:\Users\I585382\.m2\repository\org\springframework\spring-beans\6.0.10\spring-beans-6.0.10.jar;C:\Users\I585382\.m2\repository\io\micrometer\micrometer-observation\1.11.1\micrometer-observation-1.11.1.jar;C:\Users\I585382\.m2\repository\io\micrometer\micrometer-commons\1.11.1\micrometer-commons-1.11.1.jar;C:\Users\I585382\.m2\repository\org\springframework\spring-webmvc\6.0.10\spring-webmvc-6.0.10.jar;C:\Users\I585382\.m2\repository\org\springframework\spring-context\6.0.10\spring-context-6.0.10.jar;C:\Users\I585382\.m2\repository\org\springframework\spring-expression\6.0.10\spring-expression-6.0.10.jar;C:\Users\I585382\.m2\repository\org\springframework\boot\spring-boot-starter-security\3.1.1\spring-boot-starter-security-3.1.1.jar;C:\Users\I585382\.m2\repository\org\springframework\spring-aop\6.0.10\spring-aop-6.0.10.jar;C:\Users\I585382\.m2\repository\org\springframework\security\spring-security-config\6.1.1\spring-security-config-6.1.1.jar;C:\Users\I585382\.m2\repository\org\springframework\security\spring-security-core\6.1.1\spring-security-core-6.1.1.jar;C:\Users\I585382\.m2\repository\org\springframework\security\spring-security-crypto\6.1.1\spring-security-crypto-6.1.1.jar;C:\Users\I585382\.m2\repository\org\springframework\security\spring-security-web\6.1.1\spring-security-web-6.1.1.jar;C:\Users\I585382\.m2\repository\org\springframework\boot\spring-boot-starter-test\3.1.1\spring-boot-starter-test-3.1.1.jar;C:\Users\I585382\.m2\repository\org\springframework\boot\spring-boot-test\3.1.1\spring-boot-test-3.1.1.jar;C:\Users\I585382\.m2\repository\org\springframework\boot\spring-boot-test-autoconfigure\3.1.1\spring-boot-test-autoconfigure-3.1.1.jar;C:\Users\I585382\.m2\repository\com\jayway\jsonpath\json-path\2.8.0\json-path-2.8.0.jar;C:\Users\I585382\.m2\repository\org\slf4j\slf4j-api\2.0.7\slf4j-api-2.0.7.jar;C:\Users\I585382\.m2\repository\jakarta\xml\bind\jakarta.xml.bind-api\4.0.0\jakarta.xml.bind-api-4.0.0.jar;C:\Users\I585382\.m2\repository\jakarta\activation\jakarta.activation-api\2.1.2\jakarta.activation-api-2.1.2.jar;C:\Users\I585382\.m2\repository\net\minidev\json-smart\2.4.11\json-smart-2.4.11.jar;C:\Users\I585382\.m2\repository\net\minidev\accessors-smart\2.4.11\accessors-smart-2.4.11.jar;C:\Users\I585382\.m2\repository\org\ow2\asm\asm\9.3\asm-9.3.jar;C:\Users\I585382\.m2\repository\org\assertj\assertj-core\3.24.2\assertj-core-3.24.2.jar;C:\Users\I585382\.m2\repository\net\bytebuddy\byte-buddy\1.14.5\byte-buddy-1.14.5.jar;C:\Users\I585382\.m2\repository\org\hamcrest\hamcrest\2.2\hamcrest-2.2.jar;C:\Users\I585382\.m2\repository\org\junit\jupiter\junit-jupiter\5.9.3\junit-jupiter-5.9.3.jar;C:\Users\I585382\.m2\repository\org\junit\jupiter\junit-jupiter-api\5.9.3\junit-jupiter-api-5.9.3.jar;C:\Users\I585382\.m2\repository\org\opentest4j\opentest4j\1.2.0\opentest4j-1.2.0.jar;C:\Users\I585382\.m2\repository\org\junit\platform\junit-platform-commons\1.9.3\junit-platform-commons-1.9.3.jar;C:\Users\I585382\.m2\repository\org\apiguardian\apiguardian-api\1.1.2\apiguardian-api-1.1.2.jar;C:\Users\I585382\.m2\repository\org\junit\jupiter\junit-jupiter-params\5.9.3\junit-jupiter-params-5.9.3.jar;C:\Users\I585382\.m2\repository\org\junit\jupiter\junit-jupiter-engine\5.9.3\junit-jupiter-engine-5.9.3.jar;C:\Users\I585382\.m2\repository\org\junit\platform\junit-platform-engine\1.9.3\junit-platform-engine-1.9.3.jar;C:\Users\I585382\.m2\repository\org\mockito\mockito-core\5.3.1\mockito-core-5.3.1.jar;C:\Users\I585382\.m2\repository\net\bytebuddy\byte-buddy-agent\1.14.5\byte-buddy-agent-1.14.5.jar;C:\Users\I585382\.m2\repository\org\objenesis\objenesis\3.3\objenesis-3.3.jar;C:\Users\I585382\.m2\repository\org\mockito\mockito-junit-jupiter\5.3.1\mockito-junit-jupiter-5.3.1.jar;C:\Users\I585382\.m2\repository\org\skyscreamer\jsonassert\1.5.1\jsonassert-1.5.1.jar;C:\Users\I585382\.m2\repository\com\vaadin\external\google\android-json\0.0.20131108.vaadin1\android-json-0.0.20131108.vaadin1.jar;C:\Users\I585382\.m2\repository\org\springframework\spring-core\6.0.10\spring-core-6.0.10.jar;C:\Users\I585382\.m2\repository\org\springframework\spring-jcl\6.0.10\spring-jcl-6.0.10.jar;C:\Users\I585382\.m2\repository\org\springframework\spring-test\6.0.10\spring-test-6.0.10.jar;C:\Users\I585382\.m2\repository\org\xmlunit\xmlunit-core\2.9.1\xmlunit-core-2.9.1.jar;C:\Users\I585382\.m2\repository\org\springframework\boot\spring-boot-devtools\3.1.1\spring-boot-devtools-3.1.1.jar;C:\Users\I585382\.m2\repository\org\springframework\boot\spring-boot\3.1.1\spring-boot-3.1.1.jar;C:\Users\I585382\.m2\repository\org\springframework\boot\spring-boot-autoconfigure\3.1.1\spring-boot-autoconfigure-3.1.1.jar;C:\Users\I585382\.m2\repository\com\auth0\java-jwt\4.3.0\java-jwt-4.3.0.jar;C:\Users\I585382\.m2\repository\com\fasterxml\jackson\core\jackson-databind\2.15.2\jackson-databind-2.15.2.jar;C:\Users\I585382\.m2\repository\com\fasterxml\jackson\core\jackson-annotations\2.15.2\jackson-annotations-2.15.2.jar;C:\Users\I585382\.m2\repository\com\fasterxml\jackson\core\jackson-core\2.15.2\jackson-core-2.15.2.jar;"/>
    <property name="sun.cpu.endian" value="little"/>
    <property name="user.home" value="C:\Users\I585382"/>
    <property name="user.language" value="en"/>
    <property name="java.specification.vendor" value="Oracle Corporation"/>
    <property name="java.version.date" value="2023-04-18"/>
    <property name="java.home" value="C:\Users\I585382\.jdks\sapmachine-17.0.7"/>
    <property name="file.separator" value="\"/>
    <property name="basedir" value="C:\SAPDevelop\Learning\Cloud Native Developer Journey\poker-app-java"/>
    <property name="java.vm.compressedOopsMode" value="Zero based"/>
    <property name="line.separator" value="&#10;"/>
    <property name="java.vm.specification.vendor" value="Oracle Corporation"/>
    <property name="java.specification.name" value="Java Platform API Specification"/>
    <property name="FILE_LOG_CHARSET" value="windows-1252"/>
    <property name="java.awt.headless" value="true"/>
    <property name="surefire.real.class.path" value="C:\Users\I585382\AppData\Local\Temp\surefire3357976504348713622\surefirebooter-20230914114920502_27.jar"/>
    <property name="user.script" value=""/>
    <property name="sun.management.compiler" value="HotSpot 64-Bit Tiered Compilers"/>
    <property name="java.runtime.version" value="17.0.7+7-LTS"/>
    <property name="user.name" value="I585382"/>
    <property name="path.separator" value=";"/>
    <property name="os.version" value="10.0"/>
    <property name="java.runtime.name" value="OpenJDK Runtime Environment"/>
    <property name="file.encoding" value="Cp1252"/>
    <property name="java.vm.name" value="OpenJDK 64-Bit Server VM"/>
    <property name="java.vendor.version" value="SapMachine"/>
    <property name="localRepository" value="C:\Users\I585382\.m2\repository"/>
    <property name="java.vendor.url.bug" value="https://github.com/SAP/SapMachine/issues/new"/>
    <property name="java.io.tmpdir" value="C:\Users\I585382\AppData\Local\Temp\"/>
    <property name="java.version" value="17.0.7"/>
    <property name="user.dir" value="C:\SAPDevelop\Learning\Cloud Native Developer Journey\poker-app-java"/>
    <property name="os.arch" value="amd64"/>
    <property name="java.vm.specification.name" value="Java Virtual Machine Specification"/>
    <property name="PID" value="28372"/>
    <property name="sun.os.patch.level" value=""/>
    <property name="CONSOLE_LOG_CHARSET" value="windows-1252"/>
    <property name="native.encoding" value="Cp1252"/>
    <property name="java.library.path" value="C:\Users\I585382\.jdks\sapmachine-17.0.7\bin;C:\Windows\Sun\Java\bin;C:\Windows\system32;C:\Windows;C:\Program Files\Git\mingw64\bin;C:\Program Files\Git\usr\bin;C:\Users\I585382\bin;C:\Program Files (x86)\VMware\VMware Player\bin;C:\Users\I585382\.jdks\sapmachine-17.0.7\bin;C:\SAPDevelop\Installations\maven\apache-maven-3.9.1-bin\apache-maven-3.9.1\bin;C:\Windows\system32;C:\Windows;C:\Windows\System32\Wbem;C:\Windows\System32\WindowsPowerShell\v1.0;C:\Windows\System32\OpenSSH;C:\Program Files\Docker\Docker\resources\bin;C:\Program Files\Cloud Foundry;C:\Program Files\Git\cmd;C:\Users\I585382\AppData\Local\Microsoft\WindowsApps;C:\Users\I585382\AppData\Local\Programs\Microsoft VS Code\bin;C:\Program Files\JetBrains\IntelliJ IDEA Community Edition 2023.1\bin;C:\Users\I585382\AppData\Local\GitHubDesktop\bin;C:\Program Files\PostgreSQL\13\bin;."/>
    <property name="java.vm.info" value="mixed mode, sharing"/>
    <property name="java.vendor" value="SAP SE"/>
    <property name="java.vm.version" value="17.0.7+7-LTS"/>
    <property name="sun.io.unicode.encoding" value="UnicodeLittle"/>
    <property name="java.class.version" value="61.0"/>
  </properties>
  <testcase name="check_shouldAdvancePlayer" classname="com.sap.ase.poker.smokeTests.CheckSmokeTest" time="0.083">
    <system-out><![CDATA[2023-09-14T11:49:36.233+01:00  INFO 28372 --- [           main] t.c.s.AnnotationConfigContextLoaderUtils : Could not detect default configuration classes for test class [com.sap.ase.poker.smokeTests.CheckSmokeTest]: CheckSmokeTest does not declare any static, non-private, non-final, nested classes annotated with @Configuration.
2023-09-14T11:49:36.235+01:00  INFO 28372 --- [           main] .b.t.c.SpringBootTestContextBootstrapper : Found @SpringBootConfiguration com.sap.ase.poker.PokerBootApplication for test class com.sap.ase.poker.smokeTests.CheckSmokeTest

  .   ____          _            __ _ _
 /\\ / ___'_ __ _ _(_)_ __  __ _ \ \ \ \
( ( )\___ | '_ | '_| | '_ \/ _` | \ \ \ \
 \\/  ___)| |_)| | | | | || (_| |  ) ) ) )
  '  |____| .__|_| |_|_| |_\__, | / / / /
 =========|_|==============|___/=/_/_/_/
 :: Spring Boot ::                (v3.1.1)

2023-09-14T11:49:36.272+01:00  INFO 28372 --- [           main] c.s.ase.poker.smokeTests.CheckSmokeTest  : Starting CheckSmokeTest using Java 17.0.7 with PID 28372 (started by I585382 in C:\SAPDevelop\Learning\Cloud Native Developer Journey\poker-app-java)
2023-09-14T11:49:36.272+01:00  INFO 28372 --- [           main] c.s.ase.poker.smokeTests.CheckSmokeTest  : No active profile set, falling back to 1 default profile: "default"
2023-09-14T11:49:37.669+01:00  INFO 28372 --- [           main] o.s.s.web.DefaultSecurityFilterChain     : Will secure any request with [org.springframework.security.web.session.DisableEncodeUrlFilter@59fe8d94, org.springframework.security.web.context.request.async.WebAsyncManagerIntegrationFilter@479f5c35, org.springframework.security.web.context.SecurityContextHolderFilter@64e06cf0, org.springframework.security.web.header.HeaderWriterFilter@321f97d9, org.springframework.security.web.authentication.logout.LogoutFilter@c8d0ea3, com.sap.ase.poker.security.JsonUsernamePasswordAuthenticationFilter@37264d08, org.springframework.security.web.authentication.UsernamePasswordAuthenticationFilter@3d62648d, com.sap.ase.poker.security.JwtAuthenticationRequestFilter@194e116d, org.springframework.security.web.savedrequest.RequestCacheAwareFilter@6e9d60e1, org.springframework.security.web.servletapi.SecurityContextHolderAwareRequestFilter@207283b4, org.springframework.security.web.authentication.AnonymousAuthenticationFilter@3471bdfd, org.springframework.security.web.session.SessionManagementFilter@3a4e3343, org.springframework.security.web.access.ExceptionTranslationFilter@6bcc277a, org.springframework.security.web.access.intercept.AuthorizationFilter@3d49b00e]
2023-09-14T11:49:37.714+01:00  INFO 28372 --- [           main] c.s.ase.poker.smokeTests.CheckSmokeTest  : Started CheckSmokeTest in 1.472 seconds (process running for 17.004)
Player joined the table: poker-alice
Player joined the table: wild-bill
Action performed: check, amount: 0
]]></system-out>
  </testcase>
  <testcase name="check_shouldAdvanceState" classname="com.sap.ase.poker.smokeTests.CheckSmokeTest" time="0.014">
    <system-out><![CDATA[
  .   ____          _            __ _ _
 /\\ / ___'_ __ _ _(_)_ __  __ _ \ \ \ \
( ( )\___ | '_ | '_| | '_ \/ _` | \ \ \ \
 \\/  ___)| |_)| | | | | || (_| |  ) ) ) )
  '  |____| .__|_| |_|_| |_\__, | / / / /
 =========|_|==============|___/=/_/_/_/
 :: Spring Boot ::                (v3.1.1)

2023-09-14T11:49:37.830+01:00  INFO 28372 --- [           main] c.s.ase.poker.smokeTests.CheckSmokeTest  : Starting CheckSmokeTest using Java 17.0.7 with PID 28372 (started by I585382 in C:\SAPDevelop\Learning\Cloud Native Developer Journey\poker-app-java)
2023-09-14T11:49:37.830+01:00  INFO 28372 --- [           main] c.s.ase.poker.smokeTests.CheckSmokeTest  : No active profile set, falling back to 1 default profile: "default"
2023-09-14T11:49:39.283+01:00  INFO 28372 --- [           main] o.s.s.web.DefaultSecurityFilterChain     : Will secure any request with [org.springframework.security.web.session.DisableEncodeUrlFilter@502f9271, org.springframework.security.web.context.request.async.WebAsyncManagerIntegrationFilter@313b6907, org.springframework.security.web.context.SecurityContextHolderFilter@551566a, org.springframework.security.web.header.HeaderWriterFilter@1c4053aa, org.springframework.security.web.authentication.logout.LogoutFilter@30369973, com.sap.ase.poker.security.JsonUsernamePasswordAuthenticationFilter@74e14434, org.springframework.security.web.authentication.UsernamePasswordAuthenticationFilter@54d66499, com.sap.ase.poker.security.JwtAuthenticationRequestFilter@13f4149d, org.springframework.security.web.savedrequest.RequestCacheAwareFilter@3e3b5ff5, org.springframework.security.web.servletapi.SecurityContextHolderAwareRequestFilter@2078869b, org.springframework.security.web.authentication.AnonymousAuthenticationFilter@3f64a088, org.springframework.security.web.session.SessionManagementFilter@709de434, org.springframework.security.web.access.ExceptionTranslationFilter@ad620fd, org.springframework.security.web.access.intercept.AuthorizationFilter@303ea430]
2023-09-14T11:49:39.323+01:00  INFO 28372 --- [           main] c.s.ase.poker.smokeTests.CheckSmokeTest  : Started CheckSmokeTest in 1.518 seconds (process running for 18.613)
Player joined the table: poker-alice
Player joined the table: wild-bill
Action performed: check, amount: 0
Action performed: check, amount: 0
]]></system-out>
  </testcase>
  <testcase name="check_afterRaise_throwsIllegalActionException" classname="com.sap.ase.poker.smokeTests.CheckSmokeTest" time="0.007">
    <system-out><![CDATA[
  .   ____          _            __ _ _
 /\\ / ___'_ __ _ _(_)_ __  __ _ \ \ \ \
( ( )\___ | '_ | '_| | '_ \/ _` | \ \ \ \
 \\/  ___)| |_)| | | | | || (_| |  ) ) ) )
  '  |____| .__|_| |_|_| |_\__, | / / / /
 =========|_|==============|___/=/_/_/_/
 :: Spring Boot ::                (v3.1.1)

2023-09-14T11:49:39.369+01:00  INFO 28372 --- [           main] c.s.ase.poker.smokeTests.CheckSmokeTest  : Starting CheckSmokeTest using Java 17.0.7 with PID 28372 (started by I585382 in C:\SAPDevelop\Learning\Cloud Native Developer Journey\poker-app-java)
2023-09-14T11:49:39.370+01:00  INFO 28372 --- [           main] c.s.ase.poker.smokeTests.CheckSmokeTest  : No active profile set, falling back to 1 default profile: "default"
2023-09-14T11:49:40.689+01:00  INFO 28372 --- [           main] o.s.s.web.DefaultSecurityFilterChain     : Will secure any request with [org.springframework.security.web.session.DisableEncodeUrlFilter@e43189c, org.springframework.security.web.context.request.async.WebAsyncManagerIntegrationFilter@2fce55d6, org.springframework.security.web.context.SecurityContextHolderFilter@3d2887e0, org.springframework.security.web.header.HeaderWriterFilter@1a8251ba, org.springframework.security.web.authentication.logout.LogoutFilter@37b3e8b3, com.sap.ase.poker.security.JsonUsernamePasswordAuthenticationFilter@46f970b6, org.springframework.security.web.authentication.UsernamePasswordAuthenticationFilter@261d8a9c, com.sap.ase.poker.security.JwtAuthenticationRequestFilter@cfa5b9f, org.springframework.security.web.savedrequest.RequestCacheAwareFilter@1c8a2bec, org.springframework.security.web.servletapi.SecurityContextHolderAwareRequestFilter@140db646, org.springframework.security.web.authentication.AnonymousAuthenticationFilter@1a6b2564, org.springframework.security.web.session.SessionManagementFilter@69b66787, org.springframework.security.web.access.ExceptionTranslationFilter@1c07b091, org.springframework.security.web.access.intercept.AuthorizationFilter@36d5677]
2023-09-14T11:49:40.717+01:00  INFO 28372 --- [           main] c.s.ase.poker.smokeTests.CheckSmokeTest  : Started CheckSmokeTest in 1.375 seconds (process running for 20.008)
Player joined the table: poker-alice
Player joined the table: wild-bill
Action performed: raise, amount: 10
]]></system-out>
  </testcase>
  <testcase name="check_shouldAdvanceGameState" classname="com.sap.ase.poker.smokeTests.CheckSmokeTest" time="0.013">
    <system-out><![CDATA[
  .   ____          _            __ _ _
 /\\ / ___'_ __ _ _(_)_ __  __ _ \ \ \ \
( ( )\___ | '_ | '_| | '_ \/ _` | \ \ \ \
 \\/  ___)| |_)| | | | | || (_| |  ) ) ) )
  '  |____| .__|_| |_|_| |_\__, | / / / /
 =========|_|==============|___/=/_/_/_/
 :: Spring Boot ::                (v3.1.1)

2023-09-14T11:49:40.764+01:00  INFO 28372 --- [           main] c.s.ase.poker.smokeTests.CheckSmokeTest  : Starting CheckSmokeTest using Java 17.0.7 with PID 28372 (started by I585382 in C:\SAPDevelop\Learning\Cloud Native Developer Journey\poker-app-java)
2023-09-14T11:49:40.764+01:00  INFO 28372 --- [           main] c.s.ase.poker.smokeTests.CheckSmokeTest  : No active profile set, falling back to 1 default profile: "default"
2023-09-14T11:49:42.116+01:00  INFO 28372 --- [           main] o.s.s.web.DefaultSecurityFilterChain     : Will secure any request with [org.springframework.security.web.session.DisableEncodeUrlFilter@32ecad28, org.springframework.security.web.context.request.async.WebAsyncManagerIntegrationFilter@238cf72, org.springframework.security.web.context.SecurityContextHolderFilter@13d02df2, org.springframework.security.web.header.HeaderWriterFilter@3c053ff2, org.springframework.security.web.authentication.logout.LogoutFilter@27d3a440, com.sap.ase.poker.security.JsonUsernamePasswordAuthenticationFilter@2fd77e1d, org.springframework.security.web.authentication.UsernamePasswordAuthenticationFilter@827f9c8, com.sap.ase.poker.security.JwtAuthenticationRequestFilter@18092b96, org.springframework.security.web.savedrequest.RequestCacheAwareFilter@650a6974, org.springframework.security.web.servletapi.SecurityContextHolderAwareRequestFilter@70653088, org.springframework.security.web.authentication.AnonymousAuthenticationFilter@4fdb4052, org.springframework.security.web.session.SessionManagementFilter@a59e0e4, org.springframework.security.web.access.ExceptionTranslationFilter@34784a86, org.springframework.security.web.access.intercept.AuthorizationFilter@489cbbcb]
2023-09-14T11:49:42.159+01:00  INFO 28372 --- [           main] c.s.ase.poker.smokeTests.CheckSmokeTest  : Started CheckSmokeTest in 1.426 seconds (process running for 21.449)
Player joined the table: poker-alice
Player joined the table: wild-bill
Action performed: check, amount: 0
]]></system-out>
  </testcase>
</testsuite>